<?xml version="1.0" encoding="utf-8" ?>
<!DOCTYPE html PUBLIC "-//W3C//DTD XHTML 1.0 Strict//EN"
        "http://www.w3.org/TR/xhtml1/DTD/xhtml1-strict.dtd">
<html xmlns="http://www.w3.org/1999/xhtml" xml:lang="" lang="">
<head>
  <title>Test Results Report - Regression Tests</title>
  <meta http-equiv="Content-Type" content="text/html;charset=utf-8" />
  <meta name="description" content="TestNG unit test results." />
  <link href="reportng.css" rel="stylesheet" type="text/css" />
    <script type="text/javascript" src="reportng.js"></script>
</head>
<body>
<h1>Regression Tests</h1>
<p>
  Test duration: 102.293s
</p>



  <table class="resultsTable">
    <tr><th colspan="3" class="header failed">Failed Tests</th></tr>
          <tr>
        <td colspan="3" class="group">TestCases.verifyToolTipExample</td>
      </tr>
            
<tr>
  <td class="method">
                  verifyToolTipText_Case1
      </td>
  <td class="duration">
    6.706s
  </td>
  <td class="result">
        
    
            <div class="testOutput">
                        2016-06-29 15:40:25.028 :: Launch the Application.&lt;br /&gt;<br />
                  </div>
    

        <a href="javascript:toggleElement('exception-0', 'block')" title="Click to expand/collapse"><b>org.openqa.selenium.NoSuchElementException: Unable to find element with css selector == #header&gt;h1 a (WARNING: The server did not provide any stacktrace information)<br/>
Command duration or timeout: 5.05 seconds<br/>
For documentation on this error, please visit: http://seleniumhq.org/exceptions/no_such_element.html<br/>
Build info: version: &apos;2.53.0&apos;, revision: &apos;35ae25b1534ae328c771e0856c93e187490ca824&apos;, time: &apos;2016-03-15 10:43:46&apos;<br/>
System info: host: &apos;vensakp51&apos;, ip: &apos;192.168.8.126&apos;, os.name: &apos;Windows 7&apos;, os.arch: &apos;amd64&apos;, os.version: &apos;6.1&apos;, java.version: &apos;1.8.0_91&apos;<br/>
Driver info: org.openqa.selenium.ie.InternetExplorerDriver<br/>
Capabilities [{browserAttachTimeout=0, ie.enableFullPageScreenshot=true, enablePersistentHover=true, ie.forceCreateProcessApi=false, ie.forceShellWindowsApi=false, pageLoadStrategy=normal, ignoreZoomSetting=false, ie.fileUploadDialogTimeout=3000, version=11, platform=WINDOWS, nativeEvents=true, ie.ensureCleanSession=false, elementScrollBehavior=0, ie.browserCommandLineSwitches=, requireWindowFocus=false, browserName=internet explorer, initialBrowserUrl=http://localhost:28653/, javascriptEnabled=true, ignoreProtectedModeSettings=false, enableElementCacheCleanup=true, unexpectedAlertBehaviour=dismiss}]<br/>
Session ID: c0ce8ae4-8e35-45ef-9461-b2fa12ffa657<br/>
*** Element info: {Using=css selector, value=#header&gt;h1 a}</b></a><br />
    <div class="stackTrace" id="exception-0">
              sun.reflect.NativeConstructorAccessorImpl.newInstance0(Native Method)<br />
              sun.reflect.NativeConstructorAccessorImpl.newInstance(Unknown Source)<br />
              sun.reflect.DelegatingConstructorAccessorImpl.newInstance(Unknown Source)<br />
              java.lang.reflect.Constructor.newInstance(Unknown Source)<br />
              org.openqa.selenium.remote.ErrorHandler.createThrowable(ErrorHandler.java:206)<br />
              org.openqa.selenium.remote.ErrorHandler.throwIfResponseFailed(ErrorHandler.java:158)<br />
              org.openqa.selenium.remote.RemoteWebDriver.execute(RemoteWebDriver.java:678)<br />
              org.openqa.selenium.remote.RemoteWebDriver.findElement(RemoteWebDriver.java:363)<br />
              org.openqa.selenium.remote.RemoteWebDriver.findElementByCssSelector(RemoteWebDriver.java:492)<br />
              org.openqa.selenium.By$ByCssSelector.findElement(By.java:430)<br />
              org.openqa.selenium.remote.RemoteWebDriver.findElement(RemoteWebDriver.java:355)<br />
              TestCases.verifyToolTipExample.verifyToolTipText_Case1(verifyToolTipExample.java:58)<br />
              sun.reflect.NativeMethodAccessorImpl.invoke0(Native Method)<br />
              sun.reflect.NativeMethodAccessorImpl.invoke(Unknown Source)<br />
              sun.reflect.DelegatingMethodAccessorImpl.invoke(Unknown Source)<br />
              java.lang.reflect.Method.invoke(Unknown Source)<br />
              org.testng.internal.MethodInvocationHelper.invokeMethod(MethodInvocationHelper.java:86)<br />
              org.testng.internal.Invoker.invokeMethod(Invoker.java:646)<br />
              org.testng.internal.Invoker.invokeTestMethod(Invoker.java:823)<br />
              org.testng.internal.Invoker.invokeTestMethods(Invoker.java:1131)<br />
              org.testng.internal.TestMethodWorker.invokeTestMethods(TestMethodWorker.java:129)<br />
              org.testng.internal.TestMethodWorker.run(TestMethodWorker.java:112)<br />
              org.testng.TestRunner.privateRun(TestRunner.java:778)<br />
              org.testng.TestRunner.run(TestRunner.java:632)<br />
              org.testng.SuiteRunner.runTest(SuiteRunner.java:366)<br />
              org.testng.SuiteRunner.runSequentially(SuiteRunner.java:361)<br />
              org.testng.SuiteRunner.privateRun(SuiteRunner.java:319)<br />
              org.testng.SuiteRunner.run(SuiteRunner.java:268)<br />
              org.testng.SuiteRunnerWorker.runSuite(SuiteRunnerWorker.java:52)<br />
              org.testng.SuiteRunnerWorker.run(SuiteRunnerWorker.java:86)<br />
              org.testng.TestNG.runSuitesSequentially(TestNG.java:1225)<br />
              org.testng.TestNG.runSuitesLocally(TestNG.java:1150)<br />
              org.testng.TestNG.runSuites(TestNG.java:1075)<br />
              org.testng.TestNG.run(TestNG.java:1047)<br />
              org.testng.remote.AbstractRemoteTestNG.run(AbstractRemoteTestNG.java:126)<br />
              org.testng.remote.RemoteTestNG.initAndRun(RemoteTestNG.java:137)<br />
              org.testng.remote.RemoteTestNG.main(RemoteTestNG.java:58)<br />
                </div>
      </td>
</tr>
          <tr>
        <td colspan="3" class="group">readDataFromPropertiesFile.RedditLogin_UsingFirefox</td>
      </tr>
            
<tr>
  <td class="method">
                  redditUserLogin_UsingFirefox
      </td>
  <td class="duration">
    45.597s
  </td>
  <td class="result">
        
    
            <div class="testOutput">
                        &lt;br/&gt;&lt;b&gt;&lt;font size = 4&gt;-------------------------------------------------------------------------------&lt;/font&gt;&lt;/b&gt;&lt;br/&gt;<br />
                                &lt;br/&gt;&lt;b&gt;&lt;font size = 4&gt;Step: TestCase Name: redditUserLogin_UsingFirefox<br />
                                &lt;br/&gt;&lt;b&gt;&lt;font size = 4&gt;-------------------------------------------------------------------------------&lt;/font&gt;&lt;/b&gt;&lt;br/&gt;<br />
                                2016-06-29 15:39:37.4 :: Launch the Firefox browser.&lt;br /&gt;<br />
                  </div>
    

        <a href="javascript:toggleElement('exception-1', 'block')" title="Click to expand/collapse"><b>org.openqa.selenium.WebDriverException: Failed to connect to binary FirefoxBinary(C:\Program Files (x86)\Mozilla Firefox\firefox.exe) on port 7055; process output follows: <br/>
0&quot;,&quot;type&quot;:&quot;extension&quot;,&quot;internalName&quot;:null,&quot;updateURL&quot;:null,&quot;updateKey&quot;:null,&quot;optionsURL&quot;:null,&quot;optionsType&quot;:null,&quot;aboutURL&quot;:null,&quot;icons&quot;:{&quot;32&quot;:&quot;icon.png&quot;,&quot;48&quot;:&quot;icon.png&quot;},&quot;iconURL&quot;:null,&quot;icon64URL&quot;:null,&quot;defaultLocale&quot;:{&quot;name&quot;:&quot;HP Functional Testing Agent&quot;,&quot;description&quot;:&quot;Test Web Applications Using Firefox&quot;,&quot;creator&quot;:null,&quot;homepageURL&quot;:null},&quot;visible&quot;:true,&quot;active&quot;:false,&quot;userDisabled&quot;:true,&quot;appDisabled&quot;:false,&quot;descriptor&quot;:&quot;C:\\Program Files (x86)\\HP\\Unified Functional Testing\\\\Installations\\Firefox\\Agent.xpi&quot;,&quot;installDate&quot;:1452216766000,&quot;updateDate&quot;:1452216766000,&quot;applyBackgroundUpdates&quot;:1,&quot;bootstrap&quot;:true,&quot;skinnable&quot;:false,&quot;size&quot;:1593065,&quot;sourceURI&quot;:null,&quot;releaseNotesURI&quot;:null,&quot;softDisabled&quot;:false,&quot;foreignInstall&quot;:true,&quot;hasBinaryComponents&quot;:false,&quot;strictCompatibility&quot;:false,&quot;locales&quot;:[],&quot;targetApplications&quot;:[{&quot;id&quot;:&quot;{ec8030f7-c20a-464f-9b0e-13a3a9e97384}&quot;,&quot;minVersion&quot;:&quot;33.0&quot;,&quot;maxVersion&quot;:&quot;44.0&quot;}],&quot;targetPlatforms&quot;:[],&quot;multiprocessCompatible&quot;:false,&quot;signedState&quot;:2,&quot;seen&quot;:true}<br/>
1467194978463	DeferredSave.extensions.json	DEBUG	Save changes<br/>
1467194978463	addons.xpi	DEBUG	Updating database with changes to installed add-ons<br/>
1467194978463	addons.xpi-utils	DEBUG	Updating add-on states<br/>
1467194978464	addons.xpi-utils	DEBUG	Writing add-ons list<br/>
1467194978465	addons.xpi	DEBUG	Registering manifest for C:\Program Files (x86)\Mozilla Firefox\browser\features\e10srollout@mozilla.org.xpi<br/>
1467194978465	addons.xpi	DEBUG	Calling bootstrap method startup on e10srollout@mozilla.org version 1.0<br/>
1467194978465	addons.xpi	DEBUG	Registering manifest for C:\Program Files (x86)\Mozilla Firefox\browser\features\firefox@getpocket.com.xpi<br/>
1467194978466	addons.xpi	DEBUG	Calling bootstrap method startup on firefox@getpocket.com version 1.0.2<br/>
1467194978466	addons.xpi	DEBUG	Registering manifest for C:\Program Files (x86)\Mozilla Firefox\browser\features\loop@mozilla.org.xpi<br/>
1467194978467	addons.xpi	DEBUG	Calling bootstrap method startup on loop@mozilla.org version 1.3.2<br/>
1467194978480	addons.manager	DEBUG	Registering shutdown blocker for XPIProvider<br/>
1467194978481	addons.manager	DEBUG	Provider finished startup: XPIProvider<br/>
1467194978481	addons.manager	DEBUG	Starting provider: LightweightThemeManager<br/>
1467194978481	addons.manager	DEBUG	Registering shutdown blocker for LightweightThemeManager<br/>
1467194978481	addons.manager	DEBUG	Provider finished startup: LightweightThemeManager<br/>
1467194978482	addons.manager	DEBUG	Starting provider: GMPProvider<br/>
1467194978488	addons.manager	DEBUG	Registering shutdown blocker for GMPProvider<br/>
1467194978488	addons.manager	DEBUG	Provider finished startup: GMPProvider<br/>
1467194978488	addons.manager	DEBUG	Starting provider: PluginProvider<br/>
1467194978488	addons.manager	DEBUG	Registering shutdown blocker for PluginProvider<br/>
1467194978488	addons.manager	DEBUG	Provider finished startup: PluginProvider<br/>
1467194978488	addons.manager	DEBUG	Completed startup sequence<br/>
1467194979925	addons.manager	DEBUG	Starting provider: &lt;unnamed-provider&gt;<br/>
1467194979925	addons.manager	DEBUG	Registering shutdown blocker for &lt;unnamed-provider&gt;<br/>
1467194979925	addons.manager	DEBUG	Provider finished startup: &lt;unnamed-provider&gt;<br/>
1467194980125	DeferredSave.extensions.json	DEBUG	Write succeeded<br/>
1467194980125	addons.xpi-utils	DEBUG	XPI Database saved, setting schema version preference to 17<br/>
1467194980125	DeferredSave.extensions.json	DEBUG	Starting timer<br/>
1467194980140	addons.repository	DEBUG	No addons.json found.<br/>
1467194980140	DeferredSave.addons.json	DEBUG	Save changes<br/>
1467194980142	DeferredSave.addons.json	DEBUG	Starting timer<br/>
1467194980168	addons.manager	DEBUG	Starting provider: PreviousExperimentProvider<br/>
1467194980169	addons.manager	DEBUG	Registering shutdown blocker for PreviousExperimentProvider<br/>
1467194980169	addons.manager	DEBUG	Provider finished startup: PreviousExperimentProvider<br/>
1467194980172	DeferredSave.extensions.json	DEBUG	Starting write<br/>
1467194980193	DeferredSave.addons.json	DEBUG	Starting write<br/>
1467194980235	DeferredSave.extensions.json	DEBUG	Write succeeded<br/>
1467194980250	DeferredSave.addons.json	DEBUG	Write succeeded<br/>
<br/>
Build info: version: &apos;2.53.0&apos;, revision: &apos;35ae25b1534ae328c771e0856c93e187490ca824&apos;, time: &apos;2016-03-15 10:43:46&apos;<br/>
System info: host: &apos;vensakp51&apos;, ip: &apos;192.168.8.126&apos;, os.name: &apos;Windows 7&apos;, os.arch: &apos;amd64&apos;, os.version: &apos;6.1&apos;, java.version: &apos;1.8.0_91&apos;<br/>
Driver info: driver.version: FirefoxDriver</b></a><br />
    <div class="stackTrace" id="exception-1">
              org.openqa.selenium.firefox.internal.NewProfileExtensionConnection.start(NewProfileExtensionConnection.java:125)<br />
              org.openqa.selenium.firefox.FirefoxDriver.startClient(FirefoxDriver.java:271)<br />
              org.openqa.selenium.remote.RemoteWebDriver.&lt;init&gt;(RemoteWebDriver.java:119)<br />
              org.openqa.selenium.firefox.FirefoxDriver.&lt;init&gt;(FirefoxDriver.java:216)<br />
              org.openqa.selenium.firefox.FirefoxDriver.&lt;init&gt;(FirefoxDriver.java:211)<br />
              org.openqa.selenium.firefox.FirefoxDriver.&lt;init&gt;(FirefoxDriver.java:207)<br />
              org.openqa.selenium.firefox.FirefoxDriver.&lt;init&gt;(FirefoxDriver.java:120)<br />
              readDataFromPropertiesFile.RedditLogin_UsingFirefox.redditUserLogin_UsingFirefox(RedditLogin_UsingFirefox.java:62)<br />
              sun.reflect.NativeMethodAccessorImpl.invoke0(Native Method)<br />
              sun.reflect.NativeMethodAccessorImpl.invoke(Unknown Source)<br />
              sun.reflect.DelegatingMethodAccessorImpl.invoke(Unknown Source)<br />
              java.lang.reflect.Method.invoke(Unknown Source)<br />
              org.testng.internal.MethodInvocationHelper.invokeMethod(MethodInvocationHelper.java:86)<br />
              org.testng.internal.Invoker.invokeMethod(Invoker.java:646)<br />
              org.testng.internal.Invoker.invokeTestMethod(Invoker.java:823)<br />
              org.testng.internal.Invoker.invokeTestMethods(Invoker.java:1131)<br />
              org.testng.internal.TestMethodWorker.invokeTestMethods(TestMethodWorker.java:129)<br />
              org.testng.internal.TestMethodWorker.run(TestMethodWorker.java:112)<br />
              org.testng.TestRunner.privateRun(TestRunner.java:778)<br />
              org.testng.TestRunner.run(TestRunner.java:632)<br />
              org.testng.SuiteRunner.runTest(SuiteRunner.java:366)<br />
              org.testng.SuiteRunner.runSequentially(SuiteRunner.java:361)<br />
              org.testng.SuiteRunner.privateRun(SuiteRunner.java:319)<br />
              org.testng.SuiteRunner.run(SuiteRunner.java:268)<br />
              org.testng.SuiteRunnerWorker.runSuite(SuiteRunnerWorker.java:52)<br />
              org.testng.SuiteRunnerWorker.run(SuiteRunnerWorker.java:86)<br />
              org.testng.TestNG.runSuitesSequentially(TestNG.java:1225)<br />
              org.testng.TestNG.runSuitesLocally(TestNG.java:1150)<br />
              org.testng.TestNG.runSuites(TestNG.java:1075)<br />
              org.testng.TestNG.run(TestNG.java:1047)<br />
              org.testng.remote.AbstractRemoteTestNG.run(AbstractRemoteTestNG.java:126)<br />
              org.testng.remote.RemoteTestNG.initAndRun(RemoteTestNG.java:137)<br />
              org.testng.remote.RemoteTestNG.main(RemoteTestNG.java:58)<br />
                    <b>Caused by: </b> <a href="javascript:toggleElement('exception-2', 'block')" title="Click to expand/collapse">org.openqa.selenium.firefox.NotConnectedException: Unable to connect to host 127.0.0.1 on port 7055 after 45000 ms. Firefox console output:<br/>
0&quot;,&quot;type&quot;:&quot;extension&quot;,&quot;internalName&quot;:null,&quot;updateURL&quot;:null,&quot;updateKey&quot;:null,&quot;optionsURL&quot;:null,&quot;optionsType&quot;:null,&quot;aboutURL&quot;:null,&quot;icons&quot;:{&quot;32&quot;:&quot;icon.png&quot;,&quot;48&quot;:&quot;icon.png&quot;},&quot;iconURL&quot;:null,&quot;icon64URL&quot;:null,&quot;defaultLocale&quot;:{&quot;name&quot;:&quot;HP Functional Testing Agent&quot;,&quot;description&quot;:&quot;Test Web Applications Using Firefox&quot;,&quot;creator&quot;:null,&quot;homepageURL&quot;:null},&quot;visible&quot;:true,&quot;active&quot;:false,&quot;userDisabled&quot;:true,&quot;appDisabled&quot;:false,&quot;descriptor&quot;:&quot;C:\\Program Files (x86)\\HP\\Unified Functional Testing\\\\Installations\\Firefox\\Agent.xpi&quot;,&quot;installDate&quot;:1452216766000,&quot;updateDate&quot;:1452216766000,&quot;applyBackgroundUpdates&quot;:1,&quot;bootstrap&quot;:true,&quot;skinnable&quot;:false,&quot;size&quot;:1593065,&quot;sourceURI&quot;:null,&quot;releaseNotesURI&quot;:null,&quot;softDisabled&quot;:false,&quot;foreignInstall&quot;:true,&quot;hasBinaryComponents&quot;:false,&quot;strictCompatibility&quot;:false,&quot;locales&quot;:[],&quot;targetApplications&quot;:[{&quot;id&quot;:&quot;{ec8030f7-c20a-464f-9b0e-13a3a9e97384}&quot;,&quot;minVersion&quot;:&quot;33.0&quot;,&quot;maxVersion&quot;:&quot;44.0&quot;}],&quot;targetPlatforms&quot;:[],&quot;multiprocessCompatible&quot;:false,&quot;signedState&quot;:2,&quot;seen&quot;:true}<br/>
1467194978463	DeferredSave.extensions.json	DEBUG	Save changes<br/>
1467194978463	addons.xpi	DEBUG	Updating database with changes to installed add-ons<br/>
1467194978463	addons.xpi-utils	DEBUG	Updating add-on states<br/>
1467194978464	addons.xpi-utils	DEBUG	Writing add-ons list<br/>
1467194978465	addons.xpi	DEBUG	Registering manifest for C:\Program Files (x86)\Mozilla Firefox\browser\features\e10srollout@mozilla.org.xpi<br/>
1467194978465	addons.xpi	DEBUG	Calling bootstrap method startup on e10srollout@mozilla.org version 1.0<br/>
1467194978465	addons.xpi	DEBUG	Registering manifest for C:\Program Files (x86)\Mozilla Firefox\browser\features\firefox@getpocket.com.xpi<br/>
1467194978466	addons.xpi	DEBUG	Calling bootstrap method startup on firefox@getpocket.com version 1.0.2<br/>
1467194978466	addons.xpi	DEBUG	Registering manifest for C:\Program Files (x86)\Mozilla Firefox\browser\features\loop@mozilla.org.xpi<br/>
1467194978467	addons.xpi	DEBUG	Calling bootstrap method startup on loop@mozilla.org version 1.3.2<br/>
1467194978480	addons.manager	DEBUG	Registering shutdown blocker for XPIProvider<br/>
1467194978481	addons.manager	DEBUG	Provider finished startup: XPIProvider<br/>
1467194978481	addons.manager	DEBUG	Starting provider: LightweightThemeManager<br/>
1467194978481	addons.manager	DEBUG	Registering shutdown blocker for LightweightThemeManager<br/>
1467194978481	addons.manager	DEBUG	Provider finished startup: LightweightThemeManager<br/>
1467194978482	addons.manager	DEBUG	Starting provider: GMPProvider<br/>
1467194978488	addons.manager	DEBUG	Registering shutdown blocker for GMPProvider<br/>
1467194978488	addons.manager	DEBUG	Provider finished startup: GMPProvider<br/>
1467194978488	addons.manager	DEBUG	Starting provider: PluginProvider<br/>
1467194978488	addons.manager	DEBUG	Registering shutdown blocker for PluginProvider<br/>
1467194978488	addons.manager	DEBUG	Provider finished startup: PluginProvider<br/>
1467194978488	addons.manager	DEBUG	Completed startup sequence<br/>
1467194979925	addons.manager	DEBUG	Starting provider: &lt;unnamed-provider&gt;<br/>
1467194979925	addons.manager	DEBUG	Registering shutdown blocker for &lt;unnamed-provider&gt;<br/>
1467194979925	addons.manager	DEBUG	Provider finished startup: &lt;unnamed-provider&gt;<br/>
1467194980125	DeferredSave.extensions.json	DEBUG	Write succeeded<br/>
1467194980125	addons.xpi-utils	DEBUG	XPI Database saved, setting schema version preference to 17<br/>
1467194980125	DeferredSave.extensions.json	DEBUG	Starting timer<br/>
1467194980140	addons.repository	DEBUG	No addons.json found.<br/>
1467194980140	DeferredSave.addons.json	DEBUG	Save changes<br/>
1467194980142	DeferredSave.addons.json	DEBUG	Starting timer<br/>
1467194980168	addons.manager	DEBUG	Starting provider: PreviousExperimentProvider<br/>
1467194980169	addons.manager	DEBUG	Registering shutdown blocker for PreviousExperimentProvider<br/>
1467194980169	addons.manager	DEBUG	Provider finished startup: PreviousExperimentProvider<br/>
1467194980172	DeferredSave.extensions.json	DEBUG	Starting write<br/>
1467194980193	DeferredSave.addons.json	DEBUG	Starting write<br/>
1467194980235	DeferredSave.extensions.json	DEBUG	Write succeeded<br/>
1467194980250	DeferredSave.addons.json	DEBUG	Write succeeded<br/>
</a><br />
        <div class="stackTrace" id="exception-2">
                      org.openqa.selenium.firefox.internal.NewProfileExtensionConnection.start(NewProfileExtensionConnection.java:113)<br />
                      org.openqa.selenium.firefox.FirefoxDriver.startClient(FirefoxDriver.java:271)<br />
                      org.openqa.selenium.remote.RemoteWebDriver.&lt;init&gt;(RemoteWebDriver.java:119)<br />
                      org.openqa.selenium.firefox.FirefoxDriver.&lt;init&gt;(FirefoxDriver.java:216)<br />
                      org.openqa.selenium.firefox.FirefoxDriver.&lt;init&gt;(FirefoxDriver.java:211)<br />
                      org.openqa.selenium.firefox.FirefoxDriver.&lt;init&gt;(FirefoxDriver.java:207)<br />
                      org.openqa.selenium.firefox.FirefoxDriver.&lt;init&gt;(FirefoxDriver.java:120)<br />
                      readDataFromPropertiesFile.RedditLogin_UsingFirefox.redditUserLogin_UsingFirefox(RedditLogin_UsingFirefox.java:62)<br />
                      sun.reflect.NativeMethodAccessorImpl.invoke0(Native Method)<br />
                      sun.reflect.NativeMethodAccessorImpl.invoke(Unknown Source)<br />
                      sun.reflect.DelegatingMethodAccessorImpl.invoke(Unknown Source)<br />
                      java.lang.reflect.Method.invoke(Unknown Source)<br />
                      org.testng.internal.MethodInvocationHelper.invokeMethod(MethodInvocationHelper.java:86)<br />
                      org.testng.internal.Invoker.invokeMethod(Invoker.java:646)<br />
                      org.testng.internal.Invoker.invokeTestMethod(Invoker.java:823)<br />
                      org.testng.internal.Invoker.invokeTestMethods(Invoker.java:1131)<br />
                      org.testng.internal.TestMethodWorker.invokeTestMethods(TestMethodWorker.java:129)<br />
                      org.testng.internal.TestMethodWorker.run(TestMethodWorker.java:112)<br />
                      org.testng.TestRunner.privateRun(TestRunner.java:778)<br />
                      org.testng.TestRunner.run(TestRunner.java:632)<br />
                      org.testng.SuiteRunner.runTest(SuiteRunner.java:366)<br />
                      org.testng.SuiteRunner.runSequentially(SuiteRunner.java:361)<br />
                      org.testng.SuiteRunner.privateRun(SuiteRunner.java:319)<br />
                      org.testng.SuiteRunner.run(SuiteRunner.java:268)<br />
                      org.testng.SuiteRunnerWorker.runSuite(SuiteRunnerWorker.java:52)<br />
                      org.testng.SuiteRunnerWorker.run(SuiteRunnerWorker.java:86)<br />
                      org.testng.TestNG.runSuitesSequentially(TestNG.java:1225)<br />
                      org.testng.TestNG.runSuitesLocally(TestNG.java:1150)<br />
                      org.testng.TestNG.runSuites(TestNG.java:1075)<br />
                      org.testng.TestNG.run(TestNG.java:1047)<br />
                      org.testng.remote.AbstractRemoteTestNG.run(AbstractRemoteTestNG.java:126)<br />
                      org.testng.remote.RemoteTestNG.initAndRun(RemoteTestNG.java:137)<br />
                      org.testng.remote.RemoteTestNG.main(RemoteTestNG.java:58)<br />
                  </div>
          </div>
      </td>
</tr>
      </table>


  <table class="resultsTable">
    <tr><th colspan="3" class="header passed">Passed Tests</th></tr>
          <tr>
        <td colspan="3" class="group">TestCases.verifyToolTipExample</td>
      </tr>
            
<tr>
  <td class="method">
                  verifyToolTipText_Case2
      </td>
  <td class="duration">
    9.166s
  </td>
  <td class="result">
        
    
            <div class="testOutput">
                        2016-06-29 15:40:34.387 :: Launch the Application.&lt;br /&gt;<br />
                  </div>
    

      </td>
</tr>
          <tr>
        <td colspan="3" class="group">jdbcPrograms.ConnectJDBC</td>
      </tr>
            
<tr>
  <td class="method">
                  setJDBCConnection
      </td>
  <td class="duration">
    0.155s
  </td>
  <td class="result">
        
    
            <div class="testOutput">
                        2016-06-29 15:39:01.977 :: Connected to the database - &apos;employeemgmt&apos;&lt;br /&gt;<br />
                                2016-06-29 15:39:01.98 :: 2&nbsp; Ravi Kumar Kukatpally Hyderbad&lt;br /&gt;<br />
                  </div>
    

      </td>
</tr>
          <tr>
        <td colspan="3" class="group">readDataFromPropertiesFile.RedditLogin_UsingChrome</td>
      </tr>
            
<tr>
  <td class="method">
                  redditUserLogin_UsingChrome
      </td>
  <td class="duration">
    34.631s
  </td>
  <td class="result">
        
    
            <div class="testOutput">
                        &lt;br/&gt;&lt;b&gt;&lt;font size = 4&gt;-------------------------------------------------------------------------------&lt;/font&gt;&lt;/b&gt;&lt;br/&gt;<br />
                                &lt;br/&gt;&lt;b&gt;&lt;font size = 4&gt;Step: TestCase Name: redditUserLogin_UsingChrome<br />
                                &lt;br/&gt;&lt;b&gt;&lt;font size = 4&gt;-------------------------------------------------------------------------------&lt;/font&gt;&lt;/b&gt;&lt;br/&gt;<br />
                                2016-06-29 15:39:01.985 :: Launch the Chrome browser.&lt;br /&gt;<br />
                                2016-06-29 15:39:03.662 :: Maximize the browser window.&lt;br /&gt;<br />
                                2016-06-29 15:39:03.841 :: Navigate to Reddit application with the URL - https://www.reddit.com/&lt;br /&gt;<br />
                                2016-06-29 15:39:11.815 :: Enter the username - Test1506&lt;br /&gt;<br />
                                2016-06-29 15:39:14.982 :: Enter the password - Test1234&lt;br /&gt;<br />
                                2016-06-29 15:39:20.018 :: Click on Login button.&lt;br /&gt;<br />
                                2016-06-29 15:39:31.219 :: Verifying the UserName after login.&lt;br /&gt;<br />
                                2016-06-29 15:39:31.22 :: Click on Log-Out link.&lt;br /&gt;<br />
                                2016-06-29 15:39:36.6 :: Verifying that the user logged-out successfully.&lt;br /&gt;<br />
                  </div>
    

      </td>
</tr>
      </table>
  
</body>
</html>
