<?xml version="1.0" encoding="UTF-8"?>
<testsuite name="Regression Tests"
           tests="1"
           failures="1"
           errors="0"
           skipped="0"
           time="45.597">
  <properties />
            <testcase name="redditUserLogin_UsingFirefox" time="45.597" classname="readDataFromPropertiesFile.RedditLogin_UsingFirefox">
                <failure type="org.openqa.selenium.WebDriverException"
                  message="Failed to connect to binary FirefoxBinary(C:\Program Files (x86)\Mozilla Firefox\firefox.exe) on port 7055; process output follows: 
0&quot;,&quot;type&quot;:&quot;extension&quot;,&quot;internalName&quot;:null,&quot;updateURL&quot;:null,&quot;updateKey&quot;:null,&quot;optionsURL&quot;:null,&quot;optionsType&quot;:null,&quot;aboutURL&quot;:null,&quot;icons&quot;:{&quot;32&quot;:&quot;icon.png&quot;,&quot;48&quot;:&quot;icon.png&quot;},&quot;iconURL&quot;:null,&quot;icon64URL&quot;:null,&quot;defaultLocale&quot;:{&quot;name&quot;:&quot;HP Functional Testing Agent&quot;,&quot;description&quot;:&quot;Test Web Applications Using Firefox&quot;,&quot;creator&quot;:null,&quot;homepageURL&quot;:null},&quot;visible&quot;:true,&quot;active&quot;:false,&quot;userDisabled&quot;:true,&quot;appDisabled&quot;:false,&quot;descriptor&quot;:&quot;C:\\Program Files (x86)\\HP\\Unified Functional Testing\\\\Installations\\Firefox\\Agent.xpi&quot;,&quot;installDate&quot;:1452216766000,&quot;updateDate&quot;:1452216766000,&quot;applyBackgroundUpdates&quot;:1,&quot;bootstrap&quot;:true,&quot;skinnable&quot;:false,&quot;size&quot;:1593065,&quot;sourceURI&quot;:null,&quot;releaseNotesURI&quot;:null,&quot;softDisabled&quot;:false,&quot;foreignInstall&quot;:true,&quot;hasBinaryComponents&quot;:false,&quot;strictCompatibility&quot;:false,&quot;locales&quot;:[],&quot;targetApplications&quot;:[{&quot;id&quot;:&quot;{ec8030f7-c20a-464f-9b0e-13a3a9e97384}&quot;,&quot;minVersion&quot;:&quot;33.0&quot;,&quot;maxVersion&quot;:&quot;44.0&quot;}],&quot;targetPlatforms&quot;:[],&quot;multiprocessCompatible&quot;:false,&quot;signedState&quot;:2,&quot;seen&quot;:true}
1467194978463	DeferredSave.extensions.json	DEBUG	Save changes
1467194978463	addons.xpi	DEBUG	Updating database with changes to installed add-ons
1467194978463	addons.xpi-utils	DEBUG	Updating add-on states
1467194978464	addons.xpi-utils	DEBUG	Writing add-ons list
1467194978465	addons.xpi	DEBUG	Registering manifest for C:\Program Files (x86)\Mozilla Firefox\browser\features\e10srollout@mozilla.org.xpi
1467194978465	addons.xpi	DEBUG	Calling bootstrap method startup on e10srollout@mozilla.org version 1.0
1467194978465	addons.xpi	DEBUG	Registering manifest for C:\Program Files (x86)\Mozilla Firefox\browser\features\firefox@getpocket.com.xpi
1467194978466	addons.xpi	DEBUG	Calling bootstrap method startup on firefox@getpocket.com version 1.0.2
1467194978466	addons.xpi	DEBUG	Registering manifest for C:\Program Files (x86)\Mozilla Firefox\browser\features\loop@mozilla.org.xpi
1467194978467	addons.xpi	DEBUG	Calling bootstrap method startup on loop@mozilla.org version 1.3.2
1467194978480	addons.manager	DEBUG	Registering shutdown blocker for XPIProvider
1467194978481	addons.manager	DEBUG	Provider finished startup: XPIProvider
1467194978481	addons.manager	DEBUG	Starting provider: LightweightThemeManager
1467194978481	addons.manager	DEBUG	Registering shutdown blocker for LightweightThemeManager
1467194978481	addons.manager	DEBUG	Provider finished startup: LightweightThemeManager
1467194978482	addons.manager	DEBUG	Starting provider: GMPProvider
1467194978488	addons.manager	DEBUG	Registering shutdown blocker for GMPProvider
1467194978488	addons.manager	DEBUG	Provider finished startup: GMPProvider
1467194978488	addons.manager	DEBUG	Starting provider: PluginProvider
1467194978488	addons.manager	DEBUG	Registering shutdown blocker for PluginProvider
1467194978488	addons.manager	DEBUG	Provider finished startup: PluginProvider
1467194978488	addons.manager	DEBUG	Completed startup sequence
1467194979925	addons.manager	DEBUG	Starting provider: &lt;unnamed-provider&gt;
1467194979925	addons.manager	DEBUG	Registering shutdown blocker for &lt;unnamed-provider&gt;
1467194979925	addons.manager	DEBUG	Provider finished startup: &lt;unnamed-provider&gt;
1467194980125	DeferredSave.extensions.json	DEBUG	Write succeeded
1467194980125	addons.xpi-utils	DEBUG	XPI Database saved, setting schema version preference to 17
1467194980125	DeferredSave.extensions.json	DEBUG	Starting timer
1467194980140	addons.repository	DEBUG	No addons.json found.
1467194980140	DeferredSave.addons.json	DEBUG	Save changes
1467194980142	DeferredSave.addons.json	DEBUG	Starting timer
1467194980168	addons.manager	DEBUG	Starting provider: PreviousExperimentProvider
1467194980169	addons.manager	DEBUG	Registering shutdown blocker for PreviousExperimentProvider
1467194980169	addons.manager	DEBUG	Provider finished startup: PreviousExperimentProvider
1467194980172	DeferredSave.extensions.json	DEBUG	Starting write
1467194980193	DeferredSave.addons.json	DEBUG	Starting write
1467194980235	DeferredSave.extensions.json	DEBUG	Write succeeded
1467194980250	DeferredSave.addons.json	DEBUG	Write succeeded

Build info: version: &apos;2.53.0&apos;, revision: &apos;35ae25b1534ae328c771e0856c93e187490ca824&apos;, time: &apos;2016-03-15 10:43:46&apos;
System info: host: &apos;vensakp51&apos;, ip: &apos;192.168.8.126&apos;, os.name: &apos;Windows 7&apos;, os.arch: &apos;amd64&apos;, os.version: &apos;6.1&apos;, java.version: &apos;1.8.0_91&apos;
Driver info: driver.version: FirefoxDriver"
              >
<![CDATA[org.openqa.selenium.WebDriverException: Failed to connect to binary FirefoxBinary(C:\Program Files (x86)\Mozilla Firefox\firefox.exe) on port 7055; process output follows: 
0","type":"extension","internalName":null,"updateURL":null,"updateKey":null,"optionsURL":null,"optionsType":null,"aboutURL":null,"icons":{"32":"icon.png","48":"icon.png"},"iconURL":null,"icon64URL":null,"defaultLocale":{"name":"HP Functional Testing Agent","description":"Test Web Applications Using Firefox","creator":null,"homepageURL":null},"visible":true,"active":false,"userDisabled":true,"appDisabled":false,"descriptor":"C:\\Program Files (x86)\\HP\\Unified Functional Testing\\\\Installations\\Firefox\\Agent.xpi","installDate":1452216766000,"updateDate":1452216766000,"applyBackgroundUpdates":1,"bootstrap":true,"skinnable":false,"size":1593065,"sourceURI":null,"releaseNotesURI":null,"softDisabled":false,"foreignInstall":true,"hasBinaryComponents":false,"strictCompatibility":false,"locales":[],"targetApplications":[{"id":"{ec8030f7-c20a-464f-9b0e-13a3a9e97384}","minVersion":"33.0","maxVersion":"44.0"}],"targetPlatforms":[],"multiprocessCompatible":false,"signedState":2,"seen":true}
1467194978463	DeferredSave.extensions.json	DEBUG	Save changes
1467194978463	addons.xpi	DEBUG	Updating database with changes to installed add-ons
1467194978463	addons.xpi-utils	DEBUG	Updating add-on states
1467194978464	addons.xpi-utils	DEBUG	Writing add-ons list
1467194978465	addons.xpi	DEBUG	Registering manifest for C:\Program Files (x86)\Mozilla Firefox\browser\features\e10srollout@mozilla.org.xpi
1467194978465	addons.xpi	DEBUG	Calling bootstrap method startup on e10srollout@mozilla.org version 1.0
1467194978465	addons.xpi	DEBUG	Registering manifest for C:\Program Files (x86)\Mozilla Firefox\browser\features\firefox@getpocket.com.xpi
1467194978466	addons.xpi	DEBUG	Calling bootstrap method startup on firefox@getpocket.com version 1.0.2
1467194978466	addons.xpi	DEBUG	Registering manifest for C:\Program Files (x86)\Mozilla Firefox\browser\features\loop@mozilla.org.xpi
1467194978467	addons.xpi	DEBUG	Calling bootstrap method startup on loop@mozilla.org version 1.3.2
1467194978480	addons.manager	DEBUG	Registering shutdown blocker for XPIProvider
1467194978481	addons.manager	DEBUG	Provider finished startup: XPIProvider
1467194978481	addons.manager	DEBUG	Starting provider: LightweightThemeManager
1467194978481	addons.manager	DEBUG	Registering shutdown blocker for LightweightThemeManager
1467194978481	addons.manager	DEBUG	Provider finished startup: LightweightThemeManager
1467194978482	addons.manager	DEBUG	Starting provider: GMPProvider
1467194978488	addons.manager	DEBUG	Registering shutdown blocker for GMPProvider
1467194978488	addons.manager	DEBUG	Provider finished startup: GMPProvider
1467194978488	addons.manager	DEBUG	Starting provider: PluginProvider
1467194978488	addons.manager	DEBUG	Registering shutdown blocker for PluginProvider
1467194978488	addons.manager	DEBUG	Provider finished startup: PluginProvider
1467194978488	addons.manager	DEBUG	Completed startup sequence
1467194979925	addons.manager	DEBUG	Starting provider: <unnamed-provider>
1467194979925	addons.manager	DEBUG	Registering shutdown blocker for <unnamed-provider>
1467194979925	addons.manager	DEBUG	Provider finished startup: <unnamed-provider>
1467194980125	DeferredSave.extensions.json	DEBUG	Write succeeded
1467194980125	addons.xpi-utils	DEBUG	XPI Database saved, setting schema version preference to 17
1467194980125	DeferredSave.extensions.json	DEBUG	Starting timer
1467194980140	addons.repository	DEBUG	No addons.json found.
1467194980140	DeferredSave.addons.json	DEBUG	Save changes
1467194980142	DeferredSave.addons.json	DEBUG	Starting timer
1467194980168	addons.manager	DEBUG	Starting provider: PreviousExperimentProvider
1467194980169	addons.manager	DEBUG	Registering shutdown blocker for PreviousExperimentProvider
1467194980169	addons.manager	DEBUG	Provider finished startup: PreviousExperimentProvider
1467194980172	DeferredSave.extensions.json	DEBUG	Starting write
1467194980193	DeferredSave.addons.json	DEBUG	Starting write
1467194980235	DeferredSave.extensions.json	DEBUG	Write succeeded
1467194980250	DeferredSave.addons.json	DEBUG	Write succeeded

Build info: version: '2.53.0', revision: '35ae25b1534ae328c771e0856c93e187490ca824', time: '2016-03-15 10:43:46'
System info: host: 'vensakp51', ip: '192.168.8.126', os.name: 'Windows 7', os.arch: 'amd64', os.version: '6.1', java.version: '1.8.0_91'
Driver info: driver.version: FirefoxDriver
  org.openqa.selenium.firefox.internal.NewProfileExtensionConnection.start(NewProfileExtensionConnection.java:125)
  org.openqa.selenium.firefox.FirefoxDriver.startClient(FirefoxDriver.java:271)
  org.openqa.selenium.remote.RemoteWebDriver.<init>(RemoteWebDriver.java:119)
  org.openqa.selenium.firefox.FirefoxDriver.<init>(FirefoxDriver.java:216)
  org.openqa.selenium.firefox.FirefoxDriver.<init>(FirefoxDriver.java:211)
  org.openqa.selenium.firefox.FirefoxDriver.<init>(FirefoxDriver.java:207)
  org.openqa.selenium.firefox.FirefoxDriver.<init>(FirefoxDriver.java:120)
  readDataFromPropertiesFile.RedditLogin_UsingFirefox.redditUserLogin_UsingFirefox(RedditLogin_UsingFirefox.java:62)
  sun.reflect.NativeMethodAccessorImpl.invoke0(Native Method)
  sun.reflect.NativeMethodAccessorImpl.invoke(Unknown Source)
  sun.reflect.DelegatingMethodAccessorImpl.invoke(Unknown Source)
  java.lang.reflect.Method.invoke(Unknown Source)
  org.testng.internal.MethodInvocationHelper.invokeMethod(MethodInvocationHelper.java:86)
  org.testng.internal.Invoker.invokeMethod(Invoker.java:646)
  org.testng.internal.Invoker.invokeTestMethod(Invoker.java:823)
  org.testng.internal.Invoker.invokeTestMethods(Invoker.java:1131)
  org.testng.internal.TestMethodWorker.invokeTestMethods(TestMethodWorker.java:129)
  org.testng.internal.TestMethodWorker.run(TestMethodWorker.java:112)
  org.testng.TestRunner.privateRun(TestRunner.java:778)
  org.testng.TestRunner.run(TestRunner.java:632)
  org.testng.SuiteRunner.runTest(SuiteRunner.java:366)
  org.testng.SuiteRunner.runSequentially(SuiteRunner.java:361)
  org.testng.SuiteRunner.privateRun(SuiteRunner.java:319)
  org.testng.SuiteRunner.run(SuiteRunner.java:268)
  org.testng.SuiteRunnerWorker.runSuite(SuiteRunnerWorker.java:52)
  org.testng.SuiteRunnerWorker.run(SuiteRunnerWorker.java:86)
  org.testng.TestNG.runSuitesSequentially(TestNG.java:1225)
  org.testng.TestNG.runSuitesLocally(TestNG.java:1150)
  org.testng.TestNG.runSuites(TestNG.java:1075)
  org.testng.TestNG.run(TestNG.java:1047)
  org.testng.remote.AbstractRemoteTestNG.run(AbstractRemoteTestNG.java:126)
  org.testng.remote.RemoteTestNG.initAndRun(RemoteTestNG.java:137)
  org.testng.remote.RemoteTestNG.main(RemoteTestNG.java:58)
Caused by: org.openqa.selenium.firefox.NotConnectedException: Unable to connect to host 127.0.0.1 on port 7055 after 45000 ms. Firefox console output:
0","type":"extension","internalName":null,"updateURL":null,"updateKey":null,"optionsURL":null,"optionsType":null,"aboutURL":null,"icons":{"32":"icon.png","48":"icon.png"},"iconURL":null,"icon64URL":null,"defaultLocale":{"name":"HP Functional Testing Agent","description":"Test Web Applications Using Firefox","creator":null,"homepageURL":null},"visible":true,"active":false,"userDisabled":true,"appDisabled":false,"descriptor":"C:\\Program Files (x86)\\HP\\Unified Functional Testing\\\\Installations\\Firefox\\Agent.xpi","installDate":1452216766000,"updateDate":1452216766000,"applyBackgroundUpdates":1,"bootstrap":true,"skinnable":false,"size":1593065,"sourceURI":null,"releaseNotesURI":null,"softDisabled":false,"foreignInstall":true,"hasBinaryComponents":false,"strictCompatibility":false,"locales":[],"targetApplications":[{"id":"{ec8030f7-c20a-464f-9b0e-13a3a9e97384}","minVersion":"33.0","maxVersion":"44.0"}],"targetPlatforms":[],"multiprocessCompatible":false,"signedState":2,"seen":true}
1467194978463	DeferredSave.extensions.json	DEBUG	Save changes
1467194978463	addons.xpi	DEBUG	Updating database with changes to installed add-ons
1467194978463	addons.xpi-utils	DEBUG	Updating add-on states
1467194978464	addons.xpi-utils	DEBUG	Writing add-ons list
1467194978465	addons.xpi	DEBUG	Registering manifest for C:\Program Files (x86)\Mozilla Firefox\browser\features\e10srollout@mozilla.org.xpi
1467194978465	addons.xpi	DEBUG	Calling bootstrap method startup on e10srollout@mozilla.org version 1.0
1467194978465	addons.xpi	DEBUG	Registering manifest for C:\Program Files (x86)\Mozilla Firefox\browser\features\firefox@getpocket.com.xpi
1467194978466	addons.xpi	DEBUG	Calling bootstrap method startup on firefox@getpocket.com version 1.0.2
1467194978466	addons.xpi	DEBUG	Registering manifest for C:\Program Files (x86)\Mozilla Firefox\browser\features\loop@mozilla.org.xpi
1467194978467	addons.xpi	DEBUG	Calling bootstrap method startup on loop@mozilla.org version 1.3.2
1467194978480	addons.manager	DEBUG	Registering shutdown blocker for XPIProvider
1467194978481	addons.manager	DEBUG	Provider finished startup: XPIProvider
1467194978481	addons.manager	DEBUG	Starting provider: LightweightThemeManager
1467194978481	addons.manager	DEBUG	Registering shutdown blocker for LightweightThemeManager
1467194978481	addons.manager	DEBUG	Provider finished startup: LightweightThemeManager
1467194978482	addons.manager	DEBUG	Starting provider: GMPProvider
1467194978488	addons.manager	DEBUG	Registering shutdown blocker for GMPProvider
1467194978488	addons.manager	DEBUG	Provider finished startup: GMPProvider
1467194978488	addons.manager	DEBUG	Starting provider: PluginProvider
1467194978488	addons.manager	DEBUG	Registering shutdown blocker for PluginProvider
1467194978488	addons.manager	DEBUG	Provider finished startup: PluginProvider
1467194978488	addons.manager	DEBUG	Completed startup sequence
1467194979925	addons.manager	DEBUG	Starting provider: <unnamed-provider>
1467194979925	addons.manager	DEBUG	Registering shutdown blocker for <unnamed-provider>
1467194979925	addons.manager	DEBUG	Provider finished startup: <unnamed-provider>
1467194980125	DeferredSave.extensions.json	DEBUG	Write succeeded
1467194980125	addons.xpi-utils	DEBUG	XPI Database saved, setting schema version preference to 17
1467194980125	DeferredSave.extensions.json	DEBUG	Starting timer
1467194980140	addons.repository	DEBUG	No addons.json found.
1467194980140	DeferredSave.addons.json	DEBUG	Save changes
1467194980142	DeferredSave.addons.json	DEBUG	Starting timer
1467194980168	addons.manager	DEBUG	Starting provider: PreviousExperimentProvider
1467194980169	addons.manager	DEBUG	Registering shutdown blocker for PreviousExperimentProvider
1467194980169	addons.manager	DEBUG	Provider finished startup: PreviousExperimentProvider
1467194980172	DeferredSave.extensions.json	DEBUG	Starting write
1467194980193	DeferredSave.addons.json	DEBUG	Starting write
1467194980235	DeferredSave.extensions.json	DEBUG	Write succeeded
1467194980250	DeferredSave.addons.json	DEBUG	Write succeeded

  org.openqa.selenium.firefox.internal.NewProfileExtensionConnection.start(NewProfileExtensionConnection.java:113)
  org.openqa.selenium.firefox.FirefoxDriver.startClient(FirefoxDriver.java:271)
  org.openqa.selenium.remote.RemoteWebDriver.<init>(RemoteWebDriver.java:119)
  org.openqa.selenium.firefox.FirefoxDriver.<init>(FirefoxDriver.java:216)
  org.openqa.selenium.firefox.FirefoxDriver.<init>(FirefoxDriver.java:211)
  org.openqa.selenium.firefox.FirefoxDriver.<init>(FirefoxDriver.java:207)
  org.openqa.selenium.firefox.FirefoxDriver.<init>(FirefoxDriver.java:120)
  readDataFromPropertiesFile.RedditLogin_UsingFirefox.redditUserLogin_UsingFirefox(RedditLogin_UsingFirefox.java:62)
  sun.reflect.NativeMethodAccessorImpl.invoke0(Native Method)
  sun.reflect.NativeMethodAccessorImpl.invoke(Unknown Source)
  sun.reflect.DelegatingMethodAccessorImpl.invoke(Unknown Source)
  java.lang.reflect.Method.invoke(Unknown Source)
  org.testng.internal.MethodInvocationHelper.invokeMethod(MethodInvocationHelper.java:86)
  org.testng.internal.Invoker.invokeMethod(Invoker.java:646)
  org.testng.internal.Invoker.invokeTestMethod(Invoker.java:823)
  org.testng.internal.Invoker.invokeTestMethods(Invoker.java:1131)
  org.testng.internal.TestMethodWorker.invokeTestMethods(TestMethodWorker.java:129)
  org.testng.internal.TestMethodWorker.run(TestMethodWorker.java:112)
  org.testng.TestRunner.privateRun(TestRunner.java:778)
  org.testng.TestRunner.run(TestRunner.java:632)
  org.testng.SuiteRunner.runTest(SuiteRunner.java:366)
  org.testng.SuiteRunner.runSequentially(SuiteRunner.java:361)
  org.testng.SuiteRunner.privateRun(SuiteRunner.java:319)
  org.testng.SuiteRunner.run(SuiteRunner.java:268)
  org.testng.SuiteRunnerWorker.runSuite(SuiteRunnerWorker.java:52)
  org.testng.SuiteRunnerWorker.run(SuiteRunnerWorker.java:86)
  org.testng.TestNG.runSuitesSequentially(TestNG.java:1225)
  org.testng.TestNG.runSuitesLocally(TestNG.java:1150)
  org.testng.TestNG.runSuites(TestNG.java:1075)
  org.testng.TestNG.run(TestNG.java:1047)
  org.testng.remote.AbstractRemoteTestNG.run(AbstractRemoteTestNG.java:126)
  org.testng.remote.RemoteTestNG.initAndRun(RemoteTestNG.java:137)
  org.testng.remote.RemoteTestNG.main(RemoteTestNG.java:58)
]]>
      </failure>

          </testcase>
  
  
  
</testsuite>
